<?xml version="1.0" encoding="UTF-8"?>
<!-- Generated by org.testng.reporters.JUnitXMLReporter -->
<testsuite ignored="0" hostname="DESKTOP-JAA5NCU" failures="1" tests="1" name="Test1" time="4.435" errors="0" timestamp="2023-04-29T12:27:51 IST">
  <testcase classname="easySeleniumTests.homePageTest" name="validatehomepage_menuitems" time="2.258">
    <failure type="java.lang.AssertionError" message="All Input Form Menu Items[Simple Form Demo, Checkbox Demo, Radio Buttons Demo, Select Dropdowns List, Input Form Submit, Ajax Form Submit, JQuery Select dropdown] not displayed">
      <![CDATA[java.lang.AssertionError: All Input Form Menu Items[Simple Form Demo, Checkbox Demo, Radio Buttons Demo, Select Dropdowns List, Input Form Submit, Ajax Form Submit, JQuery Select dropdown] not displayed
at Utilities.TestReporter.log(TestReporter.java:35)
at Pages.homePage.validateInputForms(homePage.java:81)
at easySeleniumTests.homePageTest.validatehomepage_menuitems(homePageTest.java:20)
at java.base/java.util.ArrayList.forEach(ArrayList.java:1511)
at java.base/java.util.concurrent.FutureTask.run(FutureTask.java:264)
at java.base/java.util.concurrent.ThreadPoolExecutor.runWorker(ThreadPoolExecutor.java:1136)
at java.base/java.util.concurrent.ThreadPoolExecutor$Worker.run(ThreadPoolExecutor.java:635)
at java.base/java.lang.Thread.run(Thread.java:833)
... Removed 19 stack frames]]>
    </failure>
  </testcase> <!-- validatehomepage_menuitems -->
</testsuite> <!-- Test1 -->
