<?xml version="1.0" encoding="UTF-8"?>
<!-- Generated by org.testng.reporters.JUnitXMLReporter -->
<testsuite ignored="2" hostname="VENKAT" failures="0" tests="2" name="Test" time="22.785" errors="0" timestamp="2024-03-27T12:15:56 IST">
  <testcase classname="easySeleniumTests.homePageTest" name="validatehomepage_menuitems" time="4.716"/>
  <testcase classname="easySeleniumTests.inputformValidationTest" name="validatehomepage_menuitems" time="20.448"/>
  <testcase classname="FrWorkComponents.baseTestClass" name="@BeforeSuite setup" time="0.0">
    <ignored/>
  </testcase> <!-- @BeforeSuite setup -->
  <testcase classname="FrWorkComponents.baseTestClass" name="@AfterSuite tearDown" time="0.0">
    <ignored/>
  </testcase> <!-- @AfterSuite tearDown -->
</testsuite> <!-- Test -->
